<?xml version="1.0" encoding="UTF-8" ?>
<testsuite failures="0" time="0.106" errors="0" skipped="0" tests="9" name="br.com.javamagazine.domain.AuthorIntegrationTest">
  <properties>
[...]
</properties>
  <testcase time="0.013" classname="br.com.javamagazine.domain.AuthorIntegrationTest" name="testMarkerMethod"/>
  <testcase time="0.009" classname="br.com.javamagazine.domain.AuthorIntegrationTest" name="testCountAuthors"/>
  <testcase time="0.007" classname="br.com.javamagazine.domain.AuthorIntegrationTest" name="testFindAuthor"/>
  <testcase time="0.016" classname="br.com.javamagazine.domain.AuthorIntegrationTest" name="testFindAllAuthors"/>
  <testcase time="0.008" classname="br.com.javamagazine.domain.AuthorIntegrationTest" name="testFindAuthorEntries"/>
  <testcase time="0.008" classname="br.com.javamagazine.domain.AuthorIntegrationTest" name="testFlush"/>
  <testcase time="0.009" classname="br.com.javamagazine.domain.AuthorIntegrationTest" name="testMerge"/>
  <testcase time="0.006" classname="br.com.javamagazine.domain.AuthorIntegrationTest" name="testPersist"/>
  <testcase time="0.013" classname="br.com.javamagazine.domain.AuthorIntegrationTest" name="testRemove"/>
</testsuite>